2026-04-25 11:43:54,743 - INFO - Scraping player details: https://www.transfermarkt.com/vinicius-junior/profil/spieler/371998
2026-04-25 11:43:54,743 - INFO - Scraping player details: https://www.transfermarkt.com/arda-guler/profil/spieler/861410
2026-04-25 11:43:54,743 - INFO - Scraping player details: https://www.transfermarkt.com/bukayo-saka/profil/spieler/433177
2026-04-25 11:43:54,744 - INFO - Scraping player details: https://www.transfermarkt.com/cole-palmer/profil/spieler/568177
2026-04-25 11:43:54,744 - INFO - Scraping player details: https://www.transfermarkt.com/julian-alvarez/profil/spieler/576024
2026-04-25 11:43:56,377 - INFO - Scraping player details: https://www.transfermarkt.com/erling-haaland/profil/spieler/418560
2026-04-25 11:43:56,666 - INFO - Scraping player details: https://www.transfermarkt.com/enzo-fernandez/profil/spieler/648195
2026-04-25 11:43:56,732 - INFO - Scraping player details: https://www.transfermarkt.com/fermin-lopez/profil/spieler/636703
2026-04-25 11:43:56,850 - INFO - Scraping player details: https://www.transfermarkt.com/pedri/profil/spieler/683840
2026-04-25 11:43:58,556 - INFO - Scraping player details: https://www.transfermarkt.com/federico-valverde/profil/spieler/369081
2026-04-25 11:43:58,875 - INFO - Scraping player details: https://www.transfermarkt.com/alexander-isak/profil/spieler/349066
2026-04-25 11:43:59,233 - INFO - Scraping player details: https://www.transfermarkt.com/lamine-yamal/profil/spieler/937958
2026-04-25 11:43:59,531 - INFO - Scraping player details: https://www.transfermarkt.com/dominik-szoboszlai/profil/spieler/451276
2026-04-25 11:43:59,857 - INFO - Scraping player details: https://www.transfermarkt.com/moises-caicedo/profil/spieler/687626
2026-04-25 11:44:00,917 - INFO - Scraping player details: https://www.transfermarkt.com/desire-doue/profil/spieler/914562
2026-04-25 11:44:01,803 - INFO - Scraping player details: https://www.transfermarkt.com/vitinha/profil/spieler/487469
2026-04-25 11:44:02,622 - INFO - Scraping player details: https://www.transfermarkt.com/jamal-musiala/profil/spieler/580195
2026-04-25 11:44:03,052 - INFO - Scraping player details: https://www.transfermarkt.com/jude-bellingham/profil/spieler/581678
2026-04-25 11:44:03,078 - INFO - Scraping player details: https://www.transfermarkt.com/declan-rice/profil/spieler/357662
2026-04-25 11:44:03,216 - INFO - Scraping player details: https://www.transfermarkt.com/ousmane-dembele/profil/spieler/288230
2026-04-25 11:44:04,068 - INFO - Scraping player details: https://www.transfermarkt.com/michael-olise/profil/spieler/566723
2026-04-25 11:44:04,451 - INFO - Scraping player details: https://www.transfermarkt.com/kylian-mbappe/profil/spieler/342229
2026-04-25 11:44:04,876 - INFO - Scraping player details: https://www.transfermarkt.com/florian-wirtz/profil/spieler/598577
2026-04-25 11:44:05,819 - INFO - Scraping player details: https://www.transfermarkt.com/joao-neves/profil/spieler/670681
2026-04-25 11:44:05,826 - INFO - Scraping player details: https://www.transfermarkt.com/hugo-ekitike/profil/spieler/709726
